[2026-06-12T22:03:27.715+0000] {manager.py:469} INFO - Processing files using up to 2 processes at a time 
[2026-06-12T22:03:27.716+0000] {manager.py:470} INFO - Process each file at most once every 30 seconds
[2026-06-12T22:03:27.717+0000] {manager.py:471} INFO - Checking for new files in /opt/airflow/dags every 300 seconds
[2026-06-12T22:03:27.718+0000] {manager.py:738} INFO - Searching for files in /opt/airflow/dags
[2026-06-12T22:03:27.723+0000] {manager.py:741} INFO - There are 0 files in /opt/airflow/dags
[2026-06-12T22:15:01.896+0000] {manager.py:469} INFO - Processing files using up to 2 processes at a time 
[2026-06-12T22:15:01.897+0000] {manager.py:470} INFO - Process each file at most once every 30 seconds
[2026-06-12T22:15:01.897+0000] {manager.py:471} INFO - Checking for new files in /opt/airflow/dags every 300 seconds
[2026-06-12T22:15:01.898+0000] {manager.py:738} INFO - Searching for files in /opt/airflow/dags
[2026-06-12T22:15:01.900+0000] {manager.py:741} INFO - There are 0 files in /opt/airflow/dags
[2026-06-12T22:19:22.750+0000] {manager.py:469} INFO - Processing files using up to 2 processes at a time 
[2026-06-12T22:19:22.751+0000] {manager.py:470} INFO - Process each file at most once every 30 seconds
[2026-06-12T22:19:22.752+0000] {manager.py:471} INFO - Checking for new files in /opt/airflow/dags every 300 seconds
[2026-06-12T22:19:22.753+0000] {manager.py:738} INFO - Searching for files in /opt/airflow/dags
[2026-06-12T22:19:22.756+0000] {manager.py:741} INFO - There are 0 files in /opt/airflow/dags
[2026-06-12T22:24:23.305+0000] {manager.py:738} INFO - Searching for files in /opt/airflow/dags
[2026-06-12T22:24:23.315+0000] {manager.py:741} INFO - There are 0 files in /opt/airflow/dags
[2026-06-12T22:25:14.301+0000] {manager.py:469} INFO - Processing files using up to 2 processes at a time 
[2026-06-12T22:25:14.302+0000] {manager.py:470} INFO - Process each file at most once every 30 seconds
[2026-06-12T22:25:14.303+0000] {manager.py:471} INFO - Checking for new files in /opt/airflow/dags every 300 seconds
[2026-06-12T22:25:14.303+0000] {manager.py:738} INFO - Searching for files in /opt/airflow/dags
[2026-06-12T22:25:14.306+0000] {manager.py:741} INFO - There are 0 files in /opt/airflow/dags
[2026-06-12T22:30:14.944+0000] {manager.py:738} INFO - Searching for files in /opt/airflow/dags
[2026-06-12T22:30:14.954+0000] {manager.py:741} INFO - There are 0 files in /opt/airflow/dags
[2026-06-12T22:35:15.482+0000] {manager.py:738} INFO - Searching for files in /opt/airflow/dags
[2026-06-12T22:35:15.487+0000] {manager.py:741} INFO - There are 0 files in /opt/airflow/dags
[2026-06-12T22:36:32.641+0000] {manager.py:451} INFO - Exiting gracefully upon receiving signal 15
[2026-06-12T22:37:05.473+0000] {manager.py:469} INFO - Processing files using up to 2 processes at a time 
[2026-06-12T22:37:05.474+0000] {manager.py:470} INFO - Process each file at most once every 30 seconds
[2026-06-12T22:37:05.475+0000] {manager.py:471} INFO - Checking for new files in /opt/airflow/dags every 300 seconds
[2026-06-12T22:37:05.480+0000] {manager.py:738} INFO - Searching for files in /opt/airflow/dags
[2026-06-12T22:37:05.484+0000] {manager.py:741} INFO - There are 0 files in /opt/airflow/dags
